<?xml version="1.0" encoding="UTF-8" standalone="no"?>
<!DOCTYPE log SYSTEM "logger.dtd">
<log>
<record>
  <date>2019-04-08T18:28:20</date>
  <millis>1554728300653</millis>
  <sequence>0</sequence>
  <level>START</level>
  <class>com.kms.katalon.core.logging.XmlKeywordLogger</class>
  <method>startSuite</method>
  <thread>1</thread>
  <message>Start Test Suite : Test Suites/Buynow Process for Premium</message>
  <nestedLevel>0</nestedLevel>
  <property name="name">Buynow Process for Premium</property>
  <property name="description"></property>
  <property name="id">Test Suites/Buynow Process for Premium</property>
</record>
<record>
  <date>2019-04-08T18:28:20</date>
  <millis>1554728300670</millis>
  <sequence>1</sequence>
  <level>RUN_DATA</level>
  <class>com.kms.katalon.core.logging.XmlKeywordLogger</class>
  <method>logMessage</method>
  <thread>1</thread>
  <message>hostName = sambhavi - sambhavi.jmandigital.in</message>
  <nestedLevel>0</nestedLevel>
  <property name="hostName">sambhavi - sambhavi.jmandigital.in</property>
</record>
<record>
  <date>2019-04-08T18:28:20</date>
  <millis>1554728300674</millis>
  <sequence>2</sequence>
  <level>RUN_DATA</level>
  <class>com.kms.katalon.core.logging.XmlKeywordLogger</class>
  <method>logMessage</method>
  <thread>1</thread>
  <message>os = Windows 10 64bit</message>
  <nestedLevel>0</nestedLevel>
  <property name="os">Windows 10 64bit</property>
</record>
<record>
  <date>2019-04-08T18:28:20</date>
  <millis>1554728300676</millis>
  <sequence>3</sequence>
  <level>RUN_DATA</level>
  <class>com.kms.katalon.core.logging.XmlKeywordLogger</class>
  <method>logMessage</method>
  <thread>1</thread>
  <message>hostAddress = 192.168.0.185</message>
  <nestedLevel>0</nestedLevel>
  <property name="hostAddress">192.168.0.185</property>
</record>
<record>
  <date>2019-04-08T18:28:20</date>
  <millis>1554728300678</millis>
  <sequence>4</sequence>
  <level>RUN_DATA</level>
  <class>com.kms.katalon.core.logging.XmlKeywordLogger</class>
  <method>logMessage</method>
  <thread>1</thread>
  <message>katalonVersion = 6.1.0.1</message>
  <nestedLevel>0</nestedLevel>
  <property name="katalonVersion">6.1.0.1</property>
</record>
<record>
  <date>2019-04-08T18:28:20</date>
  <millis>1554728300930</millis>
  <sequence>5</sequence>
  <level>START</level>
  <class>com.kms.katalon.core.logging.XmlKeywordLogger</class>
  <method>startTest</method>
  <thread>1</thread>
  <message>Start Test Case : Test Cases/Buynow Process/Buynow for Premium</message>
  <nestedLevel>1</nestedLevel>
  <property name="name">Test Cases/Buynow Process/Buynow for Premium</property>
  <property name="description"></property>
  <property name="id">Test Cases/Buynow Process/Buynow for Premium</property>
  <property name="source">C:\\Users\\sambhavi\\git\\staging-mccc\\Test Cases\\Buynow Process\\Buynow for Premium.tc</property>
  <property name="isOptional">false</property>
</record>
<record>
  <date>2019-04-08T18:28:21</date>
  <millis>1554728301301</millis>
  <sequence>7</sequence>
  <level>START</level>
  <class>com.kms.katalon.core.logging.XmlKeywordLogger</class>
  <method>startKeyword</method>
  <thread>1</thread>
  <message>Start action : comment(\&amp;quot;Buynow for Premium\&amp;quot;)</message>
  <nestedLevel>1</nestedLevel>
  <property name="startLine">16</property>
  <property name="stepIndex">1</property>
</record>
<record>
  <date>2019-04-08T18:28:21</date>
  <millis>1554728301437</millis>
  <sequence>8</sequence>
  <level>INFO</level>
  <class>com.kms.katalon.core.logging.XmlKeywordLogger</class>
  <method>logMessage</method>
  <thread>1</thread>
  <message>Buynow for Premium</message>
  <nestedLevel>1</nestedLevel>
</record>
<record>
  <date>2019-04-08T18:28:21</date>
  <millis>1554728301438</millis>
  <sequence>9</sequence>
  <level>END</level>
  <class>com.kms.katalon.core.logging.XmlKeywordLogger</class>
  <method>endKeyword</method>
  <thread>1</thread>
  <message>End action : comment(\&amp;quot;Buynow for Premium\&amp;quot;)</message>
  <nestedLevel>1</nestedLevel>
</record>
<record>
  <date>2019-04-08T18:28:21</date>
  <millis>1554728301438</millis>
  <sequence>10</sequence>
  <level>START</level>
  <class>com.kms.katalon.core.logging.XmlKeywordLogger</class>
  <method>startKeyword</method>
  <thread>1</thread>
  <message>Start action : openBrowser(\&amp;quot;\&amp;quot;)</message>
  <nestedLevel>1</nestedLevel>
  <property name="startLine">19</property>
  <property name="stepIndex">2</property>
  <property name="description">Opening browser</property>
</record>
<record>
  <date>2019-04-08T18:28:21</date>
  <millis>1554728301666</millis>
  <sequence>12</sequence>
  <level>INFO</level>
  <class>com.kms.katalon.core.logging.XmlKeywordLogger</class>
  <method>logMessage</method>
  <thread>1</thread>
  <message>Starting &amp;apos;Firefox&amp;apos; driver</message>
  <nestedLevel>1</nestedLevel>
</record>
<record>
  <date>2019-04-08T18:28:21</date>
  <millis>1554728301784</millis>
  <sequence>13</sequence>
  <level>INFO</level>
  <class>com.kms.katalon.core.logging.XmlKeywordLogger</class>
  <method>logMessage</method>
  <thread>1</thread>
  <message>Action delay is set to 0 seconds</message>
  <nestedLevel>1</nestedLevel>
</record>
